<?xml version="1.0" encoding="UTF-8"?>
<!-- Generated by org.testng.reporters.JUnitXMLReporter -->
<testsuite hostname="George-PC" ignored="3" tests="1" failures="0" timestamp="06 Jul 2018 19:44:11 GMT" time="2.582" errors="0">
  <testcase name="printHighesteRevenueGeneratedCar" time="2.548" classname="BasicCarTest"/>
  <testcase name="printBluetestla" time="0.0" classname="BasicCarTest">
    <ignored/>
  </testcase> <!-- printBluetestla -->
  <testcase name="simpleJsonValidationWithJsonPath" time="0.0" classname="BasicCarTest">
    <ignored/>
  </testcase> <!-- simpleJsonValidationWithJsonPath -->
  <testcase name="printCarswithLowestPerDayRental" time="0.0" classname="BasicCarTest">
    <ignored/>
  </testcase> <!-- printCarswithLowestPerDayRental -->
</testsuite>
